[2025-06-26T12:08:25.228Z] Anonymous POST /api/auth/register from ::1
[2025-06-26T12:09:00.583Z] Anonymous POST /api/auth/register from ::1
[2025-06-26T12:09:34.287Z] Anonymous POST /api/auth/login from ::1
[2025-06-26T12:09:34.426Z] Anonymous GET /api/docs from ::1
[2025-06-26T12:10:20.059Z] Anonymous POST /api/docs/upload from ::1
[2025-06-26T12:10:27.234Z] Anonymous POST /api/docs/upload from ::1
[2025-06-26T12:10:37.222Z] Anonymous POST /api/docs/upload from ::1
[2025-06-26T12:11:09.194Z] Anonymous POST /api/docs/upload from ::1
[2025-06-26T12:11:43.457Z] Anonymous POST /api/docs/upload from ::1
[2025-06-26T12:12:33.401Z] Anonymous POST /api/docs/upload from ::1
[2025-06-26T12:13:38.426Z] Anonymous POST /api/docs/upload from ::1
[2025-06-26T12:22:10.437Z] Anonymous POST /api/docs/upload from ::1
[2025-06-26T12:30:54.978Z] Anonymous GET /api/docs from ::1
[2025-06-26T12:30:57.066Z] Anonymous GET /api/docs from ::1
[2025-06-26T12:32:45.857Z] Anonymous GET /api/docs from ::1
[2025-06-26T12:32:46.729Z] Anonymous GET /api/docs from ::1
[2025-06-26T12:32:47.284Z] Anonymous GET /api/docs from ::1
[2025-06-26T12:33:47.323Z] Anonymous GET /api/docs from ::1
[2025-07-02T21:35:44.841Z] Anonymous POST /api/auth/register from ::1
[2025-07-02T21:35:46.431Z] Anonymous GET /api/docs from ::1
[2025-07-02T21:36:18.320Z] Anonymous POST /api/docs/upload from ::1
[2025-07-02T21:36:21.565Z] Anonymous POST /api/docs/upload from ::1
[2025-07-02T21:38:35.420Z] Anonymous GET /api/docs from ::1
[2025-07-02T21:39:01.406Z] Anonymous POST /api/auth/login from ::1
[2025-07-02T21:39:02.781Z] Anonymous GET /api/docs from ::1
[2025-07-02T21:39:50.035Z] Anonymous POST /api/auth/login from ::1
[2025-07-02T21:39:51.357Z] Anonymous GET /api/docs from ::1
[2025-07-02T21:40:52.888Z] Anonymous POST /api/docs/upload from ::1
[2025-07-03T12:09:27.468Z] Anonymous POST /api/auth/login from ::1
[2025-07-03T12:12:44.331Z] Anonymous POST /api/docs/upload from ::1
[2025-07-03T12:28:01.711Z] Anonymous POST /api/auth/login from ::1
[2025-07-03T12:28:04.660Z] Anonymous POST /api/auth/login from ::1
[2025-07-03T12:28:58.507Z] Anonymous POST /api/docs/upload from ::1
[2025-07-03T12:29:16.596Z] Anonymous POST /api/auth/login from ::1
[2025-07-03T12:29:33.776Z] Anonymous POST /api/docs/upload from ::1
[2025-07-03T12:29:36.123Z] Anonymous POST /api/docs/upload from ::1
[2025-07-03T12:29:50.338Z] Anonymous POST /api/docs/upload from ::1
[2025-07-03T12:30:12.812Z] Anonymous POST /api/auth/register from ::1
[2025-07-03T12:30:29.401Z] Anonymous POST /api/auth/login from ::1
[2025-07-03T12:30:31.495Z] Anonymous POST /api/auth/login from ::1
[2025-07-03T12:30:33.052Z] Anonymous POST /api/auth/login from ::1
[2025-07-03T12:30:34.583Z] Anonymous POST /api/auth/login from ::1
[2025-07-03T12:30:36.081Z] Anonymous POST /api/auth/login from ::1
[2025-07-03T12:30:37.533Z] Anonymous POST /api/auth/login from ::1
[2025-07-03T12:30:38.971Z] Anonymous POST /api/auth/login from ::1
[2025-07-03T12:34:05.242Z] Anonymous POST /api/docs/upload from ::1
[2025-07-03T12:40:31.433Z] Anonymous POST /api/auth/register from ::1
[2025-07-03T12:45:40.824Z] Anonymous POST /api/auth/login from ::1
[2025-07-03T12:47:09.574Z] Anonymous POST /api/auth/register from ::1
[2025-07-03T12:47:17.456Z] Anonymous POST /api/auth/login from ::1
[2025-07-03T12:56:36.593Z] Anonymous POST /api/auth/login from ::1
[2025-07-03T12:57:07.441Z] Anonymous POST /api/docs/upload from ::1
[2025-07-03T12:57:53.811Z] Anonymous POST /api/docs/upload from ::1
[2025-07-03T12:57:56.447Z] Anonymous POST /api/docs/upload from ::1
[2025-07-03T12:57:58.064Z] Anonymous POST /api/docs/upload from ::1
[2025-07-03T13:06:38.721Z] Anonymous POST /api/auth/login from ::1
[2025-07-03T13:07:11.942Z] Anonymous POST /api/docs/upload from ::1
[2025-07-03T13:12:14.839Z] Anonymous POST /api/docs/upload from ::1
[2025-07-03T13:12:56.607Z] Anonymous GET /api/docs from ::1
[2025-07-03T13:13:27.021Z] Anonymous POST /api/signatures from ::1
[2025-07-03T13:13:58.489Z] Anonymous GET /api/signatures/685aa7fba58bb841c9fa5caf from ::1
[2025-07-03T13:16:43.702Z] Anonymous POST /api/auth/register from ::1
[2025-07-03T13:17:01.954Z] Anonymous POST /api/auth/register from ::1
[2025-07-03T13:17:03.282Z] Anonymous GET /api/docs from ::1
[2025-07-03T13:17:23.337Z] Anonymous POST /api/docs/upload from ::1
[2025-07-03T13:17:24.736Z] Anonymous POST /api/docs/upload from ::1
[2025-07-03T13:29:13.743Z] Anonymous POST /api/auth/login from ::1
[2025-07-03T13:29:33.880Z] Anonymous POST /api/auth/login from ::1
[2025-07-03T13:30:08.245Z] Anonymous POST /api/auth/register from ::1
[2025-07-03T13:30:09.802Z] Anonymous GET /api/docs from ::1
[2025-07-03T13:30:42.737Z] Anonymous POST /api/auth/login from ::1
[2025-07-03T13:30:57.167Z] Anonymous POST /api/auth/login from ::1
[2025-07-03T13:31:38.478Z] Anonymous POST /api/auth/register from ::1
[2025-07-03T13:31:39.832Z] Anonymous GET /api/docs from ::1
[2025-07-03T13:31:58.157Z] Anonymous POST /api/auth/login from ::1
[2025-07-03T13:31:59.532Z] Anonymous GET /api/docs from ::1
[2025-07-03T13:32:10.964Z] Anonymous POST /api/docs/upload from ::1
[2025-07-03T13:38:03.459Z] Anonymous POST /api/docs/upload from ::1
[2025-07-03T13:49:51.359Z] Anonymous POST /api/auth/login from ::1
[2025-07-03T13:55:11.568Z] Anonymous POST /api/auth/login from ::1
[2025-07-03T13:58:55.824Z] Anonymous POST /api/docs/upload from ::1
[2025-07-03T14:02:11.718Z] Anonymous POST /api/docs/upload from ::1
[2025-07-03T14:18:02.174Z] Anonymous POST /api/docs/upload from ::1
[2025-07-03T14:18:38.822Z] Anonymous POST /api/docs/upload from ::1
[2025-07-03T14:18:46.367Z] Anonymous POST /api/docs/upload from ::1
[2025-07-03T14:25:37.460Z] Anonymous POST /api/auth/register from ::1
[2025-07-03T14:25:38.781Z] Anonymous GET /api/docs from ::1
[2025-07-03T14:26:23.299Z] Anonymous POST /api/docs/upload from ::1
[2025-07-03T14:34:40.740Z] Anonymous POST /api/docs/upload from ::1
[2025-07-03T14:41:06.689Z] Anonymous POST /api/auth/login from ::1
[2025-07-03T14:41:07.935Z] Anonymous GET /api/docs from ::1
[2025-07-03T14:46:13.548Z] Anonymous GET /api/docs from ::1
[2025-07-03T14:46:57.714Z] Anonymous GET /api/docs from ::1
[2025-07-03T14:47:31.906Z] Anonymous GET /api/docs from ::1
[2025-07-03T14:49:25.409Z] Anonymous POST /api/auth/login from ::1
[2025-07-03T14:49:26.700Z] Anonymous GET /api/docs from ::1
[2025-07-03T14:49:30.797Z] Anonymous GET /api/docs from ::1
[2025-07-03T14:49:33.432Z] Anonymous GET /api/docs from ::1
[2025-07-03T14:49:56.463Z] Anonymous POST /api/docs/upload from ::1
[2025-07-03T14:49:58.232Z] Anonymous GET /api/docs from ::1
[2025-07-03T14:50:15.679Z] Anonymous GET /api/docs/68669894620693e68189241a from ::1
[2025-07-03T14:50:28.586Z] Anonymous GET /api/docs/68669894620693e68189241a from ::1
[2025-07-03T14:50:46.871Z] Anonymous GET /api/docs from ::1
[2025-07-03T14:51:11.432Z] Anonymous POST /api/docs/upload from ::1
[2025-07-03T14:51:13.388Z] Anonymous GET /api/docs from ::1
[2025-07-03T14:51:32.823Z] Anonymous GET /api/docs/686698df620693e68189241e from ::1
[2025-07-03T14:51:53.905Z] Anonymous GET /api/docs/686698df620693e68189241e from ::1
[2025-07-03T15:02:48.065Z] Anonymous POST /api/docs/upload from ::1
[2025-07-03T15:02:49.900Z] Anonymous GET /api/docs from ::1
[2025-07-03T15:02:52.608Z] Anonymous GET /api/docs/68669b986e7b311559f44787 from ::1
[2025-07-03T15:04:40.848Z] Anonymous GET /api/docs/68669b986e7b311559f44787 from ::1
[2025-07-03T15:04:43.002Z] Anonymous GET /api/docs/68669b986e7b311559f44787 from ::1
[2025-07-03T15:05:00.689Z] Anonymous GET /api/docs from ::1
[2025-07-03T15:05:02.659Z] Anonymous GET /api/docs/686698df620693e68189241e from ::1
[2025-07-03T15:18:29.981Z] Anonymous POST /api/auth/login from ::1
[2025-07-03T15:18:31.235Z] Anonymous GET /api/docs from ::1
[2025-07-03T15:18:35.647Z] Anonymous GET /api/docs/68669b986e7b311559f44787 from ::1
[2025-07-03T15:20:19.309Z] Anonymous GET /api/docs/68669b986e7b311559f44787 from ::1
[2025-07-03T15:20:58.188Z] Anonymous GET /api/docs/68669b986e7b311559f44787 from ::1
[2025-07-03T15:21:43.461Z] Anonymous GET /api/docs/68669b986e7b311559f44787 from ::1
[2025-07-03T15:21:53.085Z] Anonymous GET /api/docs/68669b986e7b311559f44787 from ::1
[2025-07-03T15:22:05.765Z] Anonymous GET /api/docs from ::1
[2025-07-03T15:23:20.858Z] Anonymous GET /api/docs/686698df620693e68189241e from ::1
[2025-07-03T15:23:25.020Z] Anonymous GET /api/docs from ::1
[2025-07-03T15:23:26.907Z] Anonymous GET /api/docs/68669b986e7b311559f44787 from ::1
[2025-07-03T15:23:34.369Z] Anonymous POST /api/signatures/finalize from ::1
[2025-07-03T15:23:36.882Z] Anonymous POST /api/signatures from ::1
[2025-07-03T15:23:58.519Z] Anonymous POST /api/signatures from ::1
[2025-07-03T15:24:06.277Z] Anonymous GET /api/docs/68669b986e7b311559f44787 from ::1
[2025-07-03T15:24:10.248Z] Anonymous GET /api/docs/68669b986e7b311559f44787 from ::1
[2025-07-03T15:29:05.288Z] Anonymous GET /api/docs/68669b986e7b311559f44787 from ::1
[2025-07-03T15:29:11.805Z] Anonymous GET /api/docs/68669b986e7b311559f44787 from ::1
[2025-07-03T15:32:05.201Z] Anonymous GET /api/docs/68669b986e7b311559f44787 from ::1
[2025-07-03T15:35:05.405Z] Anonymous GET /api/docs/68669b986e7b311559f44787 from ::1
[2025-07-03T15:38:22.947Z] Anonymous POST /api/auth/login from ::1
[2025-07-03T15:38:24.118Z] Anonymous GET /api/docs from ::1
[2025-07-03T15:38:26.009Z] Anonymous GET /api/docs/68669b986e7b311559f44787 from ::1
[2025-07-03T15:38:36.934Z] Anonymous GET /api/docs from ::1
[2025-07-03T15:38:46.256Z] Anonymous GET /api/docs from ::1
[2025-07-03T15:41:53.087Z] Anonymous POST /api/docs/upload from ::1
[2025-07-03T15:41:54.795Z] Anonymous GET /api/docs from ::1
[2025-07-03T15:41:58.263Z] Anonymous GET /api/docs/6866a4c16e7b311559f447a9 from ::1
[2025-07-03T15:51:06.404Z] Anonymous GET /api/docs/6866a4c16e7b311559f447a9 from ::1
[2025-07-03T15:51:25.945Z] Anonymous GET /api/docs/6866a4c16e7b311559f447a9 from ::1
[2025-07-03T15:54:32.556Z] Anonymous GET /api/docs/6866a4c16e7b311559f447a9 from ::1
[2025-07-03T15:54:35.107Z] Anonymous GET /api/docs/6866a4c16e7b311559f447a9 from ::1
[2025-07-03T15:54:36.277Z] Anonymous GET /api/docs/6866a4c16e7b311559f447a9 from ::1
[2025-07-03T15:54:37.338Z] Anonymous GET /api/docs/6866a4c16e7b311559f447a9 from ::1
[2025-07-03T15:54:38.528Z] Anonymous GET /api/docs/6866a4c16e7b311559f447a9 from ::1
[2025-07-03T15:54:39.988Z] Anonymous GET /api/docs/6866a4c16e7b311559f447a9 from ::1
[2025-07-03T15:54:41.246Z] Anonymous GET /api/docs/6866a4c16e7b311559f447a9 from ::1
[2025-07-03T15:54:43.919Z] Anonymous GET /api/docs/6866a4c16e7b311559f447a9 from ::1
[2025-07-03T15:54:45.738Z] Anonymous GET /api/docs/6866a4c16e7b311559f447a9 from ::1
[2025-07-03T16:17:44.161Z] Anonymous GET /api/docs/6866a4c16e7b311559f447a9 from ::1
[2025-07-03T18:12:38.067Z] Anonymous POST /api/auth/login from ::1
[2025-07-03T18:12:39.234Z] Anonymous GET /api/docs from ::1
[2025-07-03T18:12:41.860Z] Anonymous GET /api/docs/6866a4c16e7b311559f447a9 from ::1
[2025-07-03T18:33:46.625Z] Anonymous GET /api/docs/6866a4c16e7b311559f447a9 from ::1
[2025-07-03T18:34:27.182Z] Anonymous POST /api/auth/login from ::1
[2025-07-03T18:34:38.575Z] Anonymous POST /api/auth/login from ::1
[2025-07-03T18:34:39.740Z] Anonymous GET /api/docs from ::1
[2025-07-03T18:34:41.945Z] Anonymous GET /api/docs/6866a4c16e7b311559f447a9 from ::1
[2025-07-03T18:49:34.939Z] Anonymous GET /api/docs/6866a4c16e7b311559f447a9 from ::1
[2025-07-03T18:57:12.528Z] Anonymous POST /api/auth/login from ::1
[2025-07-03T18:57:37.443Z] Anonymous POST /api/auth/login from ::1
[2025-07-03T18:57:38.701Z] Anonymous GET /api/docs from ::1
[2025-07-03T18:57:42.491Z] Anonymous GET /api/docs/68669b986e7b311559f44787 from ::1
[2025-07-03T18:57:43.131Z] Anonymous GET /uploads/1751554968096-photo.pdf from ::1
[2025-07-03T18:58:19.657Z] Anonymous POST /api/signatures from ::1
[2025-07-03T18:58:28.743Z] Anonymous POST /api/signatures/finalize from ::1
[2025-07-03T18:58:50.833Z] Anonymous GET /api/docs/68669b986e7b311559f44787 from ::1
[2025-07-03T18:58:51.103Z] Anonymous GET /uploads/1751554968096-photo.pdf from ::1
[2025-07-03T18:58:59.404Z] Anonymous GET /api/docs from ::1
[2025-07-03T18:59:04.342Z] Anonymous GET /api/docs/6866a4c16e7b311559f447a9 from ::1
[2025-07-03T18:59:04.567Z] Anonymous GET /uploads/1751557313090-gode_hospital_certificate.pdf from ::1
[2025-07-03T18:59:21.949Z] Anonymous POST /api/signatures from ::1
[2025-07-03T18:59:24.103Z] Anonymous POST /api/signatures/finalize from ::1
[2025-07-03T19:07:08.040Z] Anonymous GET /api/docs/6866a4c16e7b311559f447a9 from ::1
[2025-07-03T19:07:08.234Z] Anonymous GET /uploads/1751557313090-gode_hospital_certificate.pdf from ::1
[2025-07-03T19:07:22.705Z] Anonymous GET /api/docs from ::1
[2025-07-03T19:07:24.545Z] Anonymous GET /api/docs/6866a4c16e7b311559f447a9 from ::1
[2025-07-03T19:07:24.759Z] Anonymous GET /uploads/1751557313090-gode_hospital_certificate.pdf from ::1
[2025-07-03T19:08:45.844Z] Anonymous POST /api/signatures from ::1
[2025-07-03T19:08:47.915Z] Anonymous POST /api/signatures/finalize from ::1
[2025-07-03T19:14:04.315Z] Anonymous GET /api/docs from ::1
[2025-07-03T19:14:29.064Z] Anonymous POST /api/signatures/finalize from ::1
[2025-07-03T19:24:12.748Z] Anonymous POST /api/signatures/finalize from ::1
[2025-07-03T19:24:26.351Z] Anonymous POST /api/auth/login from ::1
[2025-07-03T19:24:53.300Z] Anonymous POST /api/signatures/finalize from ::1
[2025-07-03T19:25:54.369Z] Anonymous POST /api/auth/login from ::1
[2025-07-03T19:25:55.607Z] Anonymous GET /api/docs from ::1
[2025-07-03T19:25:57.968Z] Anonymous GET /api/docs/6866a4c16e7b311559f447a9 from ::1
[2025-07-03T19:25:58.190Z] Anonymous GET /uploads/1751557313090-gode_hospital_certificate.pdf from ::1
[2025-07-03T19:26:37.696Z] Anonymous POST /api/signatures from ::1
[2025-07-03T19:26:40.631Z] Anonymous POST /api/signatures/finalize from ::1
[2025-07-03T19:26:50.567Z] Anonymous POST /api/signatures/finalize from ::1
[2025-07-03T19:27:10.857Z] Anonymous GET /api/docs/6866a4c16e7b311559f447a9 from ::1
[2025-07-03T19:27:11.075Z] Anonymous GET /uploads/1751557313090-gode_hospital_certificate.pdf from ::1
[2025-07-03T19:27:15.070Z] Anonymous POST /api/signatures/finalize from ::1
[2025-07-03T19:41:05.983Z] Anonymous GET /api/docs from ::1
[2025-07-03T19:41:50.225Z] Anonymous GET /api/docs/6866a4c16e7b311559f447a9 from ::1
[2025-07-03T19:41:50.527Z] Anonymous GET /uploads/1751557313090-gode_hospital_certificate.pdf from ::1
[2025-07-03T19:41:54.500Z] Anonymous GET /api/docs from ::1
[2025-07-03T20:11:45.690Z] Anonymous GET /api/docs from ::1
[2025-07-03T20:16:07.712Z] Anonymous GET /api/docs from ::1
[2025-07-03T20:16:17.443Z] Anonymous GET /api/docs/6866a4c16e7b311559f447a9 from ::1
[2025-07-03T20:16:17.666Z] Anonymous GET /uploads/1751557313090-gode_hospital_certificate.pdf from ::1
[2025-07-03T20:17:42.866Z] Anonymous POST /api/signatures/finalize from ::1
[2025-07-03T20:17:46.398Z] Anonymous GET /signed/signed_undefined from ::1
[2025-07-03T20:17:58.226Z] Anonymous GET /signed/signed_undefined from ::1
[2025-07-03T20:19:35.163Z] Anonymous GET /api/docs from ::1
[2025-07-03T20:19:42.572Z] Anonymous DELETE /api/docs/68669894620693e68189241a from ::1
[2025-07-03T20:19:44.389Z] Anonymous DELETE /api/docs/68669894620693e68189241a from ::1
[2025-07-03T20:19:51.684Z] Anonymous GET /api/docs/68669b986e7b311559f44787 from ::1
[2025-07-03T20:19:51.868Z] Anonymous GET /uploads/1751554968096-photo.pdf from ::1
[2025-07-03T20:19:55.706Z] Anonymous GET /api/docs from ::1
[2025-07-03T20:19:58.350Z] Anonymous GET /api/docs/686698df620693e68189241e from ::1
[2025-07-03T20:19:58.538Z] Anonymous GET /uploads/1751554271450-photo.pdf from ::1
[2025-07-03T20:20:00.636Z] Anonymous GET /api/docs from ::1
[2025-07-03T20:20:02.999Z] Anonymous GET /api/docs/6866a4c16e7b311559f447a9 from ::1
[2025-07-03T20:20:03.186Z] Anonymous GET /uploads/1751557313090-gode_hospital_certificate.pdf from ::1
[2025-07-03T20:20:34.557Z] Anonymous GET /api/docs from ::1
[2025-07-03T20:31:12.212Z] Anonymous POST /api/auth/login from ::1
[2025-07-03T20:31:13.456Z] Anonymous GET /api/docs from ::1
[2025-07-03T20:31:24.319Z] Anonymous GET /api/docs/6866a4c16e7b311559f447a9 from ::1
[2025-07-03T20:31:24.508Z] Anonymous GET /uploads/1751557313090-gode_hospital_certificate.pdf from ::1
[2025-07-03T20:31:47.311Z] Anonymous POST /api/signatures from ::1
[2025-07-03T20:31:47.562Z] Anonymous POST /api/signatures from ::1
[2025-07-03T20:32:03.977Z] Anonymous GET /api/docs/6866a4c16e7b311559f447a9 from ::1
[2025-07-03T20:32:04.153Z] Anonymous GET /uploads/1751557313090-gode_hospital_certificate.pdf from ::1
[2025-07-03T20:32:37.521Z] Anonymous POST /api/signatures from ::1
[2025-07-03T20:32:46.011Z] Anonymous POST /api/signatures/finalize from ::1
[2025-07-03T20:37:56.633Z] Anonymous GET /api/docs/6866a4c16e7b311559f447a9 from ::1
[2025-07-03T20:38:02.259Z] Anonymous GET /api/docs/6866a4c16e7b311559f447a9 from ::1
[2025-07-03T20:38:02.440Z] Anonymous GET /uploads/1751557313090-gode_hospital_certificate.pdf from ::1
[2025-07-03T20:38:35.727Z] Anonymous GET /api/docs/6866a4c16e7b311559f447a9 from ::1
[2025-07-03T20:38:47.930Z] Anonymous GET /api/docs from ::1
[2025-07-03T20:38:56.143Z] Anonymous GET /api/docs/6866a4c16e7b311559f447a9 from ::1
[2025-07-03T20:38:56.300Z] Anonymous GET /uploads/1751557313090-gode_hospital_certificate.pdf from ::1
[2025-07-03T20:39:09.386Z] Anonymous POST /api/signatures from ::1
[2025-07-03T20:39:10.982Z] Anonymous POST /api/signatures/finalize from ::1
[2025-07-03T20:39:34.659Z] Anonymous GET /api/docs/6866a4c16e7b311559f447a9 from ::1
[2025-07-03T20:39:34.863Z] Anonymous GET /uploads/1751557313090-gode_hospital_certificate.pdf from ::1
[2025-07-03T20:40:24.293Z] Anonymous GET /api/docs/6866a4c16e7b311559f447a9 from ::1
[2025-07-03T20:40:24.511Z] Anonymous GET /uploads/1751557313090-gode_hospital_certificate.pdf from ::1
[2025-07-03T20:40:47.320Z] Anonymous POST /api/signatures from ::1
[2025-07-03T20:43:46.627Z] Anonymous GET /api/docs/6866a4c16e7b311559f447a9 from ::1
[2025-07-03T20:46:34.627Z] Anonymous GET /api/docs/6866a4c16e7b311559f447a9 from ::1
[2025-07-03T20:46:45.756Z] Anonymous GET /api/docs/6866a4c16e7b311559f447a9 from ::1
[2025-07-03T20:46:45.945Z] Anonymous GET /uploads/1751557313090-gode_hospital_certificate.pdf from ::1
[2025-07-03T20:48:20.003Z] Anonymous POST /api/signatures from ::1
[2025-07-03T20:48:25.876Z] Anonymous POST /api/signatures/finalize from ::1
[2025-07-03T20:48:57.995Z] Anonymous POST /api/signatures from ::1
[2025-07-03T20:48:58.096Z] Anonymous POST /api/signatures from ::1
[2025-07-03T20:49:02.091Z] Anonymous POST /api/signatures/finalize from ::1
[2025-07-03T20:49:08.010Z] Anonymous GET /signed/signed_undefined from ::1
[2025-07-03T20:49:10.326Z] Anonymous GET /signed/signed_undefined from ::1
[2025-07-03T20:50:37.094Z] Anonymous GET /signed/signed_undefined from ::1
[2025-07-03T20:53:56.704Z] Anonymous GET /api/docs/6866a4c16e7b311559f447a9 from ::1
[2025-07-03T20:53:56.913Z] Anonymous GET /uploads/1751557313090-gode_hospital_certificate.pdf from ::1
[2025-07-03T20:54:02.541Z] Anonymous GET /api/docs/6866a4c16e7b311559f447a9 from ::1
[2025-07-03T20:54:02.738Z] Anonymous GET /uploads/1751557313090-gode_hospital_certificate.pdf from ::1
[2025-07-03T20:54:51.265Z] Anonymous GET /api/docs/6866a4c16e7b311559f447a9 from ::1
[2025-07-03T20:54:51.420Z] Anonymous GET /uploads/1751557313090-gode_hospital_certificate.pdf from ::1
[2025-07-03T20:56:19.188Z] Anonymous GET /api/docs/6866a4c16e7b311559f447a9 from ::1
[2025-07-03T20:56:19.392Z] Anonymous GET /uploads/1751557313090-gode_hospital_certificate.pdf from ::1
[2025-07-03T20:58:45.592Z] Anonymous GET /api/docs/6866a4c16e7b311559f447a9 from ::1
[2025-07-03T20:58:50.418Z] Anonymous GET /api/docs/6866a4c16e7b311559f447a9 from ::1
[2025-07-03T20:58:50.624Z] Anonymous GET /uploads/1751557313090-gode_hospital_certificate.pdf from ::1
[2025-07-03T20:58:53.131Z] Anonymous GET /api/docs/6866a4c16e7b311559f447a9 from ::1
[2025-07-03T20:58:53.298Z] Anonymous GET /uploads/1751557313090-gode_hospital_certificate.pdf from ::1
[2025-07-03T20:58:54.223Z] Anonymous GET /api/docs/6866a4c16e7b311559f447a9 from ::1
[2025-07-03T20:59:11.324Z] Anonymous GET /api/docs/6866a4c16e7b311559f447a9 from ::1
[2025-07-03T20:59:12.153Z] Anonymous GET /uploads/1751557313090-gode_hospital_certificate.pdf from ::1
[2025-07-03T20:59:15.060Z] Anonymous GET /api/docs/6866a4c16e7b311559f447a9 from ::1
[2025-07-03T20:59:15.214Z] Anonymous GET /uploads/1751557313090-gode_hospital_certificate.pdf from ::1
[2025-07-03T20:59:17.677Z] Anonymous GET /api/docs/6866a4c16e7b311559f447a9 from ::1
[2025-07-03T20:59:17.841Z] Anonymous GET /uploads/1751557313090-gode_hospital_certificate.pdf from ::1
[2025-07-03T20:59:28.095Z] Anonymous POST /api/signatures from ::1
[2025-07-03T20:59:30.130Z] Anonymous POST /api/signatures/finalize from ::1
[2025-07-03T21:14:37.588Z] Anonymous GET /api/docs/6866a4c16e7b311559f447a9 from ::1
[2025-07-03T21:16:11.404Z] Anonymous GET /api/docs/6866a4c16e7b311559f447a9 from ::1
[2025-07-03T21:16:19.443Z] Anonymous GET /api/docs/6866a4c16e7b311559f447a9 from ::1
[2025-07-03T21:16:20.251Z] Anonymous GET /uploads/1751557313090-gode_hospital_certificate.pdf from ::1
[2025-07-03T21:16:27.658Z] Anonymous POST /api/signatures from ::1
[2025-07-03T21:16:29.569Z] Anonymous POST /api/signatures/finalize from ::1
[2025-07-03T21:16:32.869Z] Anonymous GET /api/download/signed_undefined from ::1
[2025-07-03T21:23:33.270Z] Anonymous GET /api/docs from ::1
[2025-07-03T21:24:00.909Z] Anonymous GET /api/docs/6866a4c16e7b311559f447a9 from ::1
[2025-07-03T21:24:21.581Z] Anonymous GET /uploads/1751557313090-gode_hospital_certificate.pdf from ::1
[2025-07-03T21:24:37.363Z] Anonymous GET /api/docs from ::1
[2025-07-03T21:25:24.906Z] Anonymous POST /api/auth/register from ::1
[2025-07-03T21:25:26.207Z] Anonymous GET /api/docs from ::1
[2025-07-03T21:25:51.702Z] Anonymous POST /api/auth/login from ::1
[2025-07-03T21:25:52.908Z] Anonymous GET /api/docs from ::1
[2025-07-03T21:26:08.910Z] Anonymous GET /api/docs/6866a4c16e7b311559f447a9 from ::1
[2025-07-03T21:26:09.089Z] Anonymous GET /uploads/1751557313090-gode_hospital_certificate.pdf from ::1
[2025-07-03T21:30:42.382Z] Anonymous GET /api/docs from ::1
[2025-07-03T21:38:39.682Z] Anonymous GET /api/docs/6866a4c16e7b311559f447a9 from ::1
[2025-07-03T21:38:43.733Z] Anonymous GET /api/docs/6866a4c16e7b311559f447a9 from ::1
[2025-07-03T21:38:43.903Z] Anonymous GET /uploads/1751557313090-gode_hospital_certificate.pdf from ::1
[2025-07-03T21:39:11.544Z] Anonymous POST /api/signatures from ::1
[2025-07-03T21:39:15.855Z] Anonymous POST /api/signatures from ::1
[2025-07-03T21:39:20.330Z] Anonymous POST /api/signatures/finalize from ::1
[2025-07-03T21:43:42.956Z] Anonymous GET /api/docs/6866a4c16e7b311559f447a9 from ::1
[2025-07-03T21:43:43.183Z] Anonymous GET /uploads/1751557313090-gode_hospital_certificate.pdf from ::1
[2025-07-03T21:43:56.966Z] Anonymous GET /api/docs from ::1
[2025-07-03T21:43:58.768Z] Anonymous GET /api/docs/6866a4c16e7b311559f447a9 from ::1
[2025-07-04T07:14:18.071Z] Anonymous POST /api/auth/login from ::1
[2025-07-04T07:14:28.332Z] Anonymous POST /api/auth/login from ::1
[2025-07-04T07:14:29.494Z] Anonymous GET /api/docs from ::1
[2025-07-04T07:14:41.988Z] Anonymous GET /api/docs/6866a4c16e7b311559f447a9 from ::1
[2025-07-04T07:14:42.117Z] Anonymous GET /uploads/1751557313090-gode_hospital_certificate.pdf from ::1
[2025-07-04T07:14:47.726Z] Anonymous GET /api/docs from ::1
[2025-07-04T07:14:49.721Z] Anonymous GET /api/docs/6866a4c16e7b311559f447a9 from ::1
[2025-07-04T07:14:49.867Z] Anonymous GET /uploads/1751557313090-gode_hospital_certificate.pdf from ::1
[2025-07-04T07:14:55.391Z] Anonymous GET /api/docs from ::1
[2025-07-04T07:15:58.436Z] Anonymous DELETE /api/docs/6866a4c16e7b311559f447a9 from ::1
[2025-07-04T07:16:41.883Z] Anonymous GET /api/docs/6866a4c16e7b311559f447a9 from ::1
[2025-07-04T07:16:41.984Z] Anonymous GET /uploads/1751557313090-gode_hospital_certificate.pdf from ::1
[2025-07-04T07:17:03.931Z] Anonymous GET /api/docs from ::1
[2025-07-04T07:25:06.083Z] Anonymous GET /api/docs from ::1
[2025-07-04T07:26:10.292Z] Anonymous GET /uploads/1751557313090-gode_hospital_certificate.pdf from ::1
[2025-07-04T07:34:06.810Z] Anonymous GET /uploads/1751557313090-gode_hospital_certificate.pdf from ::1
[2025-07-04T08:57:14.255Z] Anonymous GET /api/docs from ::1
[2025-07-04T08:57:25.610Z] Anonymous GET /api/docs from ::1
[2025-07-04T08:58:02.582Z] Anonymous POST /api/auth/login from ::1
[2025-07-04T08:58:03.731Z] Anonymous GET /api/docs from ::1
[2025-07-04T08:59:43.536Z] Anonymous GET /uploads/1751557313090-gode_hospital_certificate.pdf from ::1
[2025-07-04T09:17:07.416Z] Anonymous GET /api/docs from ::1
[2025-07-04T09:21:49.312Z] Anonymous GET /api/docs from ::1
[2025-07-04T09:23:06.381Z] Anonymous GET /api/docs from ::1
[2025-07-04T09:23:17.790Z] Anonymous DELETE /api/docs/6866a4c16e7b311559f447a9 from ::1
[2025-07-04T09:26:33.918Z] Anonymous GET /api/docs/6866a4c16e7b311559f447a9 from ::1
[2025-07-04T09:26:34.032Z] Anonymous GET /uploads/1751557313090-gode_hospital_certificate.pdf from ::1
[2025-07-04T09:26:46.042Z] Anonymous POST /api/signatures/finalize from ::1
[2025-07-04T09:31:09.783Z] Anonymous GET /api/docs from ::1
[2025-07-04T09:32:38.432Z] Anonymous GET /api/docs/6866a4c16e7b311559f447a9 from ::1
[2025-07-04T09:32:38.531Z] Anonymous GET /uploads/1751557313090-gode_hospital_certificate.pdf from ::1
[2025-07-04T11:11:13.005Z] Anonymous POST /api/auth/login from ::1
[2025-07-04T11:11:14.736Z] Anonymous GET /api/docs from ::1
[2025-07-04T11:12:30.429Z] Anonymous GET /api/docs/6866a4c16e7b311559f447a9 from ::1
[2025-07-04T11:12:50.456Z] Anonymous GET /uploads/1751557313090-gode_hospital_certificate.pdf from ::1
[2025-07-04T11:13:08.869Z] Anonymous POST /api/signatures from ::1
[2025-07-04T11:13:12.179Z] Anonymous POST /api/signatures from ::1
[2025-07-04T11:13:15.876Z] Anonymous POST /api/signatures/finalize from ::1
[2025-07-04T11:13:46.231Z] Anonymous GET /api/docs from ::1
[2025-07-04T11:13:51.987Z] Anonymous GET /uploads/1751557313090-gode_hospital_certificate.pdf from ::1
[2025-07-04T11:34:17.528Z] Anonymous GET /api/docs from ::1
[2025-07-04T11:34:18.817Z] Anonymous GET /api/docs from ::1
[2025-07-04T11:34:20.286Z] Anonymous GET /api/docs from ::1
[2025-07-04T11:36:26.169Z] Anonymous GET /api/docs from ::1
[2025-07-04T11:36:27.442Z] Anonymous GET /api/docs from ::1
[2025-07-04T11:36:27.789Z] Anonymous GET /api/docs from ::1
[2025-07-04T11:36:28.030Z] Anonymous GET /api/docs from ::1
[2025-07-04T11:36:28.290Z] Anonymous GET /api/docs from ::1
[2025-07-04T11:36:28.515Z] Anonymous GET /api/docs from ::1
[2025-07-04T11:36:28.736Z] Anonymous GET /api/docs from ::1
[2025-07-04T11:36:28.970Z] Anonymous GET /api/docs from ::1
[2025-07-04T11:36:29.188Z] Anonymous GET /api/docs from ::1
[2025-07-04T11:36:29.540Z] Anonymous GET /api/docs from ::1
[2025-07-04T11:36:29.732Z] Anonymous GET /api/docs from ::1
[2025-07-04T11:36:29.907Z] Anonymous GET /api/docs from ::1
[2025-07-04T11:36:30.053Z] Anonymous GET /api/docs from ::1
[2025-07-04T11:36:30.220Z] Anonymous GET /api/docs from ::1
[2025-07-04T11:36:30.384Z] Anonymous GET /api/docs from ::1
[2025-07-04T11:36:30.553Z] Anonymous GET /api/docs from ::1
[2025-07-04T11:36:30.721Z] Anonymous GET /api/docs from ::1
[2025-07-04T11:36:30.898Z] Anonymous GET /api/docs from ::1
[2025-07-04T11:36:31.064Z] Anonymous GET /api/docs from ::1
[2025-07-04T11:36:31.233Z] Anonymous GET /api/docs from ::1
[2025-07-04T11:39:23.334Z] Anonymous GET /api/docs from ::1
[2025-07-04T11:39:24.744Z] Anonymous GET /api/docs from ::1
[2025-07-04T11:39:25.876Z] Anonymous GET /api/docs from ::1
[2025-07-04T11:39:27.007Z] Anonymous GET /api/docs from ::1
[2025-07-04T12:08:09.126Z] Anonymous POST /api/auth/login from ::1
[2025-07-04T12:08:10.873Z] Anonymous GET /api/docs from ::1
[2025-07-04T12:22:12.525Z] Anonymous GET /api/docs from ::1
[2025-07-04T12:39:38.086Z] Anonymous GET /api/docs from ::1
[2025-07-04T12:41:25.664Z] Anonymous GET /api/docs/6866a4c16e7b311559f447a9 from ::1
[2025-07-04T12:41:56.447Z] Anonymous POST /api/signatures from ::1
[2025-07-04T12:42:06.156Z] Anonymous POST /api/signatures from ::1
[2025-07-04T12:42:11.807Z] Anonymous POST /api/signatures/finalize from ::1
[2025-07-04T12:42:27.227Z] Anonymous POST /api/signatures/finalize from ::1
[2025-07-04T12:47:39.151Z] Anonymous GET /api/docs from ::1
[2025-07-04T12:52:09.660Z] Anonymous GET /api/docs/6866a4c16e7b311559f447a9 from ::1
[2025-07-04T16:31:23.177Z] Guest | POST /api/auth/login | IP: ::1
[2025-07-04T16:31:24.773Z] Guest | POST /api/auth/login | IP: ::1
[2025-07-04T16:31:25.724Z] Guest | POST /api/auth/login | IP: ::1
[2025-07-04T16:32:42.166Z] Guest | POST /api/auth/register | IP: ::1
[2025-07-04T16:32:43.605Z] Guest | GET /api/docs | IP: ::1
[2025-07-04T16:32:43.608Z] Guest | GET /api/docs | IP: ::1
[2025-07-04T16:33:03.064Z] Guest | POST /api/auth/login | IP: ::1
[2025-07-04T16:33:34.280Z] Guest | POST /api/auth/login | IP: ::1
[2025-07-04T16:43:26.505Z] Guest | POST /api/auth/login | IP: ::1
[2025-07-04T16:45:15.062Z] Guest | POST /api/auth/login | IP: ::1
[2025-07-04T16:45:16.855Z] Guest | POST /api/auth/login | IP: ::1
[2025-07-04T16:45:17.461Z] Guest | POST /api/auth/login | IP: ::1
[2025-07-04T16:45:17.873Z] Guest | POST /api/auth/login | IP: ::1
[2025-07-04T16:46:47.879Z] Guest | POST /api/auth/register | IP: ::1
[2025-07-04T16:46:49.289Z] Guest | GET /api/docs | IP: ::1
[2025-07-04T16:46:49.291Z] Guest | GET /api/docs | IP: ::1
[2025-07-04T16:47:50.332Z] Guest | POST /api/auth/login | IP: ::1
[2025-07-04T17:02:21.971Z] Guest | POST /api/auth/register | IP: ::1
[2025-07-04T17:02:23.437Z] Guest | GET /api/docs | IP: ::1
[2025-07-04T17:02:23.439Z] Guest | GET /api/docs | IP: ::1
[2025-07-04T17:02:44.033Z] Guest | POST /api/docs/upload | IP: ::1
[2025-07-04T17:35:48.010Z] Guest | POST /api/auth/register | IP: ::1
[2025-07-04T17:35:57.041Z] Guest | POST /api/auth/login | IP: ::1
[2025-07-04T17:36:30.022Z] Guest | POST /api/auth/register | IP: ::1
[2025-07-04T17:37:13.776Z] Guest | POST /api/auth/login | IP: ::1
[2025-07-04T17:41:26.212Z] Guest | POST /api/auth/register | IP: ::1
[2025-07-04T17:41:27.624Z] Guest | GET /api/docs | IP: ::1
[2025-07-04T17:41:27.627Z] Guest | GET /api/docs | IP: ::1
[2025-07-04T17:41:43.753Z] Guest | POST /api/auth/login | IP: ::1
[2025-07-04T17:41:49.462Z] Guest | POST /api/auth/login | IP: ::1
[2025-07-04T17:43:04.673Z] Guest | POST /api/auth/login | IP: ::1
[2025-07-04T17:43:13.554Z] Guest | POST /api/auth/register | IP: ::1
[2025-07-04T17:43:18.999Z] Guest | POST /api/auth/login | IP: ::1
[2025-07-04T17:47:18.765Z] Guest | POST /api/auth/login | IP: ::1
[2025-07-04T17:48:12.149Z] Guest | POST /api/auth/register | IP: ::1
[2025-07-04T17:48:21.919Z] Guest | POST /api/auth/register | IP: ::1
[2025-07-04T17:49:35.992Z] Guest | POST /api/auth/login | IP: ::1
[2025-07-04T17:49:49.327Z] Guest | POST /api/auth/login | IP: ::1
[2025-07-04T17:51:06.922Z] Guest | POST /api/auth/register | IP: ::1
[2025-07-04T17:51:09.023Z] Guest | GET /api/docs | IP: ::1
[2025-07-04T17:51:09.096Z] Guest | GET /api/docs | IP: ::1
[2025-07-04T17:51:27.377Z] Guest | POST /api/auth/login | IP: ::1
[2025-07-04T18:01:20.546Z] Guest | POST /api/auth/login | IP: ::1
[2025-07-04T18:01:41.998Z] Guest | GET /api/docs | IP: ::1
[2025-07-04T18:01:42.074Z] Guest | GET /api/docs | IP: ::1
[2025-07-04T18:01:58.156Z] Guest | POST /api/docs/upload | IP: ::1
[2025-07-04T18:01:59.787Z] Guest | GET /api/docs | IP: ::1
[2025-07-04T18:01:59.882Z] Guest | GET /api/docs | IP: ::1
[2025-07-04T18:02:06.545Z] Guest | GET /api/signatures/68681716868ead85ce64b170 | IP: ::1
[2025-07-04T18:02:14.540Z] Guest | GET /uploads/1751652118160-gode_hospital_certificate.pdf | IP: ::1
[2025-07-04T18:02:21.493Z] Guest | GET /api/docs/68681716868ead85ce64b170 | IP: ::1
[2025-07-04T18:02:21.596Z] Guest | GET /api/docs/68681716868ead85ce64b170 | IP: ::1
[2025-07-04T18:02:21.653Z] Guest | GET /uploads/1751652118160-gode_hospital_certificate.pdf | IP: ::1
[2025-07-04T18:02:59.604Z] Guest | POST /api/signatures | IP: ::1
[2025-07-04T18:03:03.096Z] Guest | POST /api/signatures/finalize | IP: ::1
[2025-07-04T18:03:39.107Z] Guest | POST /api/signatures/finalize | IP: ::1
[2025-07-04T18:03:52.895Z] Guest | GET /api/docs | IP: ::1
[2025-07-04T18:03:52.976Z] Guest | GET /api/docs | IP: ::1
[2025-07-04T18:03:56.221Z] Guest | GET /signed/signed_file12 | IP: ::1
[2025-07-04T18:04:15.158Z] Guest | GET /uploads/1751652118160-gode_hospital_certificate.pdf | IP: ::1
[2025-07-04T18:04:28.716Z] Guest | GET /api/docs | IP: ::1
[2025-07-04T18:04:28.783Z] Guest | GET /api/docs | IP: ::1
[2025-07-04T18:04:31.003Z] Guest | GET /uploads/1751652118160-gode_hospital_certificate.pdf | IP: ::1
[2025-07-04T18:05:00.483Z] Guest | POST /api/email/share | IP: ::1
[2025-07-04T18:05:06.079Z] Guest | POST /api/email/share | IP: ::1
[2025-07-04T18:05:08.702Z] Guest | POST /api/email/share | IP: ::1
[2025-07-04T18:06:57.750Z] Guest | GET /uploads/1751652118160-gode_hospital_certificate.pdf | IP: ::1
[2025-07-04T18:08:04.812Z] Guest | GET /api/docs/68681716868ead85ce64b170 | IP: ::1
[2025-07-04T18:08:04.856Z] Guest | GET /api/docs/68681716868ead85ce64b170 | IP: ::1
[2025-07-04T18:08:04.912Z] Guest | GET /uploads/1751652118160-gode_hospital_certificate.pdf | IP: ::1
[2025-07-04T18:12:08.997Z] Guest | POST /api/signatures | IP: ::1
[2025-07-04T18:12:25.957Z] Guest | POST /api/signatures/finalize | IP: ::1
[2025-07-04T18:14:02.887Z] Guest | GET /api/docs/68681716868ead85ce64b170 | IP: ::1
[2025-07-04T18:14:02.937Z] Guest | GET /api/docs/68681716868ead85ce64b170 | IP: ::1
[2025-07-04T18:14:03.004Z] Guest | GET /uploads/1751652118160-gode_hospital_certificate.pdf | IP: ::1
[2025-07-04T18:14:45.672Z] Guest | POST /api/signatures | IP: ::1
[2025-07-04T18:16:00.436Z] Guest | POST /api/signatures/finalize | IP: ::1
[2025-07-04T18:18:30.705Z] Guest | GET /api/docs/68681716868ead85ce64b170 | IP: ::1
[2025-07-04T18:18:30.760Z] Guest | GET /api/docs/68681716868ead85ce64b170 | IP: ::1
[2025-07-04T18:18:30.855Z] Guest | GET /uploads/1751652118160-gode_hospital_certificate.pdf | IP: ::1
[2025-07-04T18:28:18.857Z] Guest | GET /api/docs/68681716868ead85ce64b170 | IP: ::1
[2025-07-04T18:28:18.917Z] Guest | GET /api/docs/68681716868ead85ce64b170 | IP: ::1
[2025-07-04T18:28:18.974Z] Guest | GET /uploads/1751652118160-gode_hospital_certificate.pdf | IP: ::1
[2025-07-04T18:44:12.120Z] Guest | GET /api/docs/68681716868ead85ce64b170 | IP: ::1
[2025-07-04T18:44:12.168Z] Guest | GET /api/docs/68681716868ead85ce64b170 | IP: ::1
[2025-07-04T18:44:12.242Z] Guest | GET /uploads/1751652118160-gode_hospital_certificate.pdf | IP: ::1
[2025-07-04T18:44:39.049Z] Guest | POST /api/signatures | IP: ::1
[2025-07-04T18:45:27.209Z] Guest | POST /api/signatures | IP: ::1
[2025-07-04T19:02:48.410Z] Guest | GET /api/docs/68681716868ead85ce64b170 | IP: ::1
[2025-07-04T19:02:48.457Z] Guest | GET /api/docs/68681716868ead85ce64b170 | IP: ::1
[2025-07-04T19:02:48.534Z] Guest | GET /uploads/1751652118160-gode_hospital_certificate.pdf | IP: ::1
[2025-07-04T19:03:17.084Z] Guest | POST /api/signatures | IP: ::1
[2025-07-04T19:03:34.498Z] Guest | POST /api/signatures/finalize | IP: ::1
[2025-07-04T19:04:12.505Z] Guest | GET /api/docs | IP: ::1
[2025-07-04T19:04:12.556Z] Guest | GET /api/docs | IP: ::1
[2025-07-04T19:04:16.172Z] Guest | GET /uploads/1751652118160-gode_hospital_certificate.pdf | IP: ::1
[2025-07-04T19:04:47.676Z] Guest | GET /api/docs/68681716868ead85ce64b170 | IP: ::1
[2025-07-04T19:04:47.739Z] Guest | GET /api/docs/68681716868ead85ce64b170 | IP: ::1
[2025-07-04T19:04:47.791Z] Guest | GET /uploads/1751652118160-gode_hospital_certificate.pdf | IP: ::1
[2025-07-04T20:10:21.107Z] Guest | POST /api/auth/login | IP: ::1
[2025-07-04T20:12:06.920Z] Guest | POST /api/auth/login | IP: ::1
[2025-07-04T20:12:09.516Z] Guest | GET /api/docs | IP: ::1
[2025-07-04T20:12:10.335Z] Guest | GET /api/docs | IP: ::1
[2025-07-04T20:12:47.198Z] Guest | POST /api/docs/upload | IP: ::1
[2025-07-04T20:12:52.537Z] Guest | GET /api/docs | IP: ::1
[2025-07-04T20:12:53.327Z] Guest | GET /api/docs | IP: ::1
[2025-07-04T20:13:20.583Z] Guest | GET /api/signatures/686835bfbe4bf2a549fcd778 | IP: ::1
[2025-07-04T20:13:31.068Z] Guest | GET /uploads/1751659967587-gode_hospital_certificate.pdf | IP: ::1
[2025-07-04T20:14:00.249Z] Guest | GET /api/docs/686835bfbe4bf2a549fcd778 | IP: ::1
[2025-07-04T20:14:00.688Z] Guest | GET /api/docs/686835bfbe4bf2a549fcd778 | IP: ::1
[2025-07-04T20:14:01.819Z] Guest | GET /uploads/1751659967587-gode_hospital_certificate.pdf | IP: ::1
[2025-07-04T20:15:42.102Z] Guest | GET /api/docs/686835bfbe4bf2a549fcd778 | IP: ::1
[2025-07-04T20:15:42.162Z] Guest | GET /api/docs/686835bfbe4bf2a549fcd778 | IP: ::1
[2025-07-04T20:15:42.285Z] Guest | GET /uploads/1751659967587-gode_hospital_certificate.pdf | IP: ::1
[2025-07-04T20:22:57.288Z] Guest | GET /api/docs/686835bfbe4bf2a549fcd778 | IP: ::1
[2025-07-04T20:22:57.374Z] Guest | GET /api/docs/686835bfbe4bf2a549fcd778 | IP: ::1
[2025-07-04T20:22:57.514Z] Guest | GET /uploads/1751659967587-gode_hospital_certificate.pdf | IP: ::1
[2025-07-04T20:23:31.748Z] Guest | GET /api/docs/686835bfbe4bf2a549fcd778 | IP: ::1
[2025-07-04T20:23:31.811Z] Guest | GET /api/docs/686835bfbe4bf2a549fcd778 | IP: ::1
[2025-07-04T20:23:31.936Z] Guest | GET /uploads/1751659967587-gode_hospital_certificate.pdf | IP: ::1
[2025-07-04T20:23:33.158Z] Guest | GET /api/docs/686835bfbe4bf2a549fcd778 | IP: ::1
[2025-07-04T20:23:33.234Z] Guest | GET /api/docs/686835bfbe4bf2a549fcd778 | IP: ::1
[2025-07-04T20:23:33.353Z] Guest | GET /uploads/1751659967587-gode_hospital_certificate.pdf | IP: ::1
[2025-07-04T20:23:48.664Z] Guest | POST /api/signatures | IP: ::1
[2025-07-05T01:29:21.557Z] Guest | GET /api/docs/686835bfbe4bf2a549fcd778 | IP: ::1
[2025-07-05T01:29:22.670Z] Guest | GET /api/docs/686835bfbe4bf2a549fcd778 | IP: ::1
[2025-07-05T01:29:22.797Z] Guest | GET /uploads/1751659967587-gode_hospital_certificate.pdf | IP: ::1
[2025-07-05T01:31:28.682Z] Guest | POST /api/signatures | IP: ::1
[2025-07-05T01:31:46.776Z] Guest | POST /api/signatures/finalize | IP: ::1
[2025-07-05T01:31:55.637Z] Guest | GET /api/docs | IP: ::1
[2025-07-05T01:31:55.796Z] Guest | GET /api/docs | IP: ::1
[2025-07-05T01:32:01.785Z] Guest | GET /uploads/1751659967587-gode_hospital_certificate.pdf | IP: ::1
[2025-07-05T01:32:40.401Z] Guest | GET /api/docs | IP: ::1
[2025-07-05T01:32:40.493Z] Guest | GET /api/docs | IP: ::1
[2025-07-05T01:54:11.890Z] Guest | GET /api/docs | IP: ::1
[2025-07-05T01:54:11.948Z] Guest | GET /api/docs | IP: ::1
[2025-07-05T01:54:14.857Z] Guest | GET /api/docs/686835bfbe4bf2a549fcd778 | IP: ::1
[2025-07-05T01:54:14.925Z] Guest | GET /api/docs/686835bfbe4bf2a549fcd778 | IP: ::1
[2025-07-05T01:54:15.056Z] Guest | GET /uploads/1751659967587-gode_hospital_certificate.pdf | IP: ::1
[2025-07-05T01:56:36.261Z] Guest | GET /api/docs/686835bfbe4bf2a549fcd778 | IP: ::1
[2025-07-05T01:56:36.342Z] Guest | GET /api/docs/686835bfbe4bf2a549fcd778 | IP: ::1
[2025-07-05T01:56:36.473Z] Guest | GET /uploads/1751659967587-gode_hospital_certificate.pdf | IP: ::1
[2025-07-05T01:59:08.442Z] Guest | GET /api/docs/686835bfbe4bf2a549fcd778 | IP: ::1
[2025-07-05T01:59:12.426Z] Guest | GET /api/docs/686835bfbe4bf2a549fcd778 | IP: ::1
[2025-07-05T01:59:12.486Z] Guest | GET /api/docs/686835bfbe4bf2a549fcd778 | IP: ::1
[2025-07-05T01:59:12.609Z] Guest | GET /uploads/1751659967587-gode_hospital_certificate.pdf | IP: ::1
[2025-07-05T02:00:06.786Z] Guest | GET /api/docs/686835bfbe4bf2a549fcd778 | IP: ::1
[2025-07-05T02:00:12.819Z] Guest | GET /api/docs/686835bfbe4bf2a549fcd778 | IP: ::1
[2025-07-05T02:00:12.954Z] Guest | GET /uploads/1751659967587-gode_hospital_certificate.pdf | IP: ::1
[2025-07-05T02:01:42.582Z] Guest | POST /api/signatures | IP: ::1
[2025-07-05T02:01:44.861Z] Guest | POST /api/signatures/finalize | IP: ::1
[2025-07-05T02:05:09.730Z] Guest | GET /api/docs | IP: ::1
[2025-07-05T02:05:09.801Z] Guest | GET /api/docs | IP: ::1
[2025-07-05T02:05:23.503Z] Guest | GET /api/docs | IP: ::1
[2025-07-05T02:05:23.585Z] Guest | GET /api/docs | IP: ::1
[2025-07-05T02:20:43.493Z] Guest | GET /api/docs | IP: ::1
[2025-07-05T02:21:13.333Z] Guest | GET /api/docs | IP: ::1
[2025-07-05T02:21:13.411Z] Guest | GET /api/docs | IP: ::1
[2025-07-05T02:21:21.392Z] Guest | GET /api/docs | IP: ::1
[2025-07-05T02:21:21.636Z] Guest | GET /api/docs | IP: ::1
[2025-07-05T02:22:17.884Z] Guest | DELETE /api/docs/686835bfbe4bf2a549fcd778 | IP: ::1
[2025-07-05T02:43:03.495Z] Guest | GET /api/docs | IP: ::1
[2025-07-05T02:43:23.531Z] Guest | GET /api/docs | IP: ::1
[2025-07-05T02:43:25.429Z] Guest | GET /api/docs | IP: ::1
[2025-07-05T02:43:26.266Z] Guest | GET /api/docs | IP: ::1
[2025-07-05T02:43:35.008Z] Guest | DELETE /api/docs/686835bfbe4bf2a549fcd778 | IP: ::1
